  [1m[36m (163.8ms)[0m  [1mCREATE TABLE "schema_migrations" ("version" varchar NOT NULL) [0m
  [1m[35m (0.2ms)[0m  select sqlite_version(*)
  [1m[36m (189.3ms)[0m  [1mCREATE UNIQUE INDEX "unique_schema_migrations" ON "schema_migrations" ("version")[0m
  [1m[35mActiveRecord::SchemaMigration Load (0.2ms)[0m  SELECT "schema_migrations".* FROM "schema_migrations"
Migrating to CreateUsers (20150623031702)
  [1m[36m (0.1ms)[0m  [1mbegin transaction[0m
  [1m[35m (0.9ms)[0m  CREATE TABLE "users" ("id" INTEGER PRIMARY KEY AUTOINCREMENT NOT NULL, "name" varchar, "email" varchar, "password" varchar, "created_at" datetime NOT NULL, "updated_at" datetime NOT NULL) 
  [1m[36mSQL (0.2ms)[0m  [1mINSERT INTO "schema_migrations" ("version") VALUES (?)[0m  [["version", "20150623031702"]]
  [1m[35m (266.6ms)[0m  commit transaction
  [1m[36mActiveRecord::SchemaMigration Load (0.2ms)[0m  [1mSELECT "schema_migrations".* FROM "schema_migrations"[0m
  [1m[36mUser Load (1.4ms)[0m  [1mSELECT "users".* FROM "users"[0m
  [1m[36mUser Exists (0.1ms)[0m  [1mSELECT  1 AS one FROM "users" WHERE "users"."name" IS NULL LIMIT 1[0m
  [1m[35mUser Exists (0.3ms)[0m  SELECT  1 AS one FROM "users" WHERE LOWER("users"."name") = LOWER('kvothe') LIMIT 1
  [1m[36mActiveRecord::SchemaMigration Load (0.1ms)[0m  [1mSELECT "schema_migrations".* FROM "schema_migrations"[0m
Migrating to CreatePosts (20150623032256)
  [1m[35m (0.1ms)[0m  begin transaction
  [1m[36m (0.4ms)[0m  [1mCREATE TABLE "posts" ("id" INTEGER PRIMARY KEY AUTOINCREMENT NOT NULL, "title" varchar, "body" varchar, "user_id" varchar, "created_at" datetime NOT NULL, "updated_at" datetime NOT NULL) [0m
  [1m[35mSQL (0.2ms)[0m  INSERT INTO "schema_migrations" ("version") VALUES (?)  [["version", "20150623032256"]]
  [1m[36m (167.5ms)[0m  [1mcommit transaction[0m
  [1m[35mActiveRecord::SchemaMigration Load (0.3ms)[0m  SELECT "schema_migrations".* FROM "schema_migrations"
  [1m[36mUser Load (0.1ms)[0m  [1mSELECT  "users".* FROM "users"  ORDER BY "users"."id" ASC LIMIT 1[0m
  [1m[36mUser Load (0.1ms)[0m  [1mSELECT  "users".* FROM "users"  ORDER BY "users"."id" ASC LIMIT 1[0m
  [1m[36mUser Load (0.1ms)[0m  [1mSELECT  "users".* FROM "users"  ORDER BY "users"."id" ASC LIMIT 1[0m
  [1m[36mUser Load (0.1ms)[0m  [1mSELECT  "users".* FROM "users"  ORDER BY "users"."id" ASC LIMIT 1[0m
  [1m[36m (0.2ms)[0m  [1mbegin transaction[0m
  [1m[35mSQL (0.4ms)[0m  INSERT INTO "posts" ("title", "body", "user_id", "created_at", "updated_at") VALUES (?, ?, ?, ?, ?)  [["title", "A"], ["body", "DCCCC"], ["user_id", "1"], ["created_at", "2015-06-23 03:33:07.670595"], ["updated_at", "2015-06-23 03:33:07.670595"]]
  [1m[36m (183.2ms)[0m  [1mcommit transaction[0m
  [1m[36mPost Load (0.1ms)[0m  [1mSELECT  "posts".* FROM "posts"  ORDER BY "posts"."id" ASC LIMIT 1[0m
  [1m[35m (0.2ms)[0m  begin transaction
  [1m[36mUser Exists (0.1ms)[0m  [1mSELECT  1 AS one FROM "users" WHERE LOWER("users"."name") = LOWER('Kvothe') LIMIT 1[0m
  [1m[35mSQL (0.4ms)[0m  INSERT INTO "users" ("name", "created_at", "updated_at") VALUES (?, ?, ?)  [["name", "Kvothe"], ["created_at", "2015-06-23 03:35:40.800365"], ["updated_at", "2015-06-23 03:35:40.800365"]]
  [1m[36m (229.2ms)[0m  [1mcommit transaction[0m
  [1m[35mUser Load (0.2ms)[0m  SELECT  "users".* FROM "users"  ORDER BY "users"."id" ASC LIMIT 1
  [1m[36mPost Load (0.2ms)[0m  [1mSELECT "posts".* FROM "posts" WHERE "posts"."user_id" = ?[0m  [["user_id", "1"]]
  [1m[36mActiveRecord::SchemaMigration Load (0.1ms)[0m  [1mSELECT "schema_migrations".* FROM "schema_migrations"[0m
Migrating to CreateComments (20150623033709)
  [1m[35m (0.1ms)[0m  begin transaction
  [1m[36m (0.4ms)[0m  [1mCREATE TABLE "comments" ("id" INTEGER PRIMARY KEY AUTOINCREMENT NOT NULL, "body" varchar, "post_id" varchar, "user_id" varchar, "created_at" datetime NOT NULL, "updated_at" datetime NOT NULL) [0m
  [1m[35mSQL (0.2ms)[0m  INSERT INTO "schema_migrations" ("version") VALUES (?)  [["version", "20150623033709"]]
  [1m[36m (169.6ms)[0m  [1mcommit transaction[0m
  [1m[35mActiveRecord::SchemaMigration Load (0.2ms)[0m  SELECT "schema_migrations".* FROM "schema_migrations"
  [1m[36m (0.1ms)[0m  [1mbegin transaction[0m
  [1m[35mUser Exists (0.1ms)[0m  SELECT  1 AS one FROM "users" WHERE LOWER("users"."name") = LOWER('Kevin') LIMIT 1
  [1m[36mSQL (0.5ms)[0m  [1mINSERT INTO "users" ("name", "created_at", "updated_at") VALUES (?, ?, ?)[0m  [["name", "Kevin"], ["created_at", "2015-06-23 03:40:59.734169"], ["updated_at", "2015-06-23 03:40:59.734169"]]
  [1m[35m (198.7ms)[0m  commit transaction
  [1m[36m (0.0ms)[0m  [1mbegin transaction[0m
  [1m[35m (0.1ms)[0m  rollback transaction
  [1m[36mPost Load (0.3ms)[0m  [1mSELECT  "posts".* FROM "posts"  ORDER BY "posts"."id" ASC LIMIT 1[0m
  [1m[35mUser Load (0.2ms)[0m  SELECT  "users".* FROM "users" WHERE "users"."id" = ? LIMIT 1  [["id", 1]]
  [1m[36mComment Load (0.1ms)[0m  [1mSELECT  "comments".* FROM "comments"  ORDER BY "comments"."id" ASC LIMIT 1[0m
  [1m[35mComment Load (0.3ms)[0m  SELECT  "comments".* FROM "comments"  ORDER BY "comments"."id" ASC LIMIT 1
  [1m[36mComment Load (0.3ms)[0m  [1mSELECT  "comments".* FROM "comments"  ORDER BY "comments"."id" ASC LIMIT 1[0m
  [1m[36mPost Load (0.1ms)[0m  [1mSELECT  "posts".* FROM "posts"  ORDER BY "posts"."id" ASC LIMIT 1[0m
  [1m[35mComment Load (0.2ms)[0m  SELECT "comments".* FROM "comments" WHERE "comments"."post_id" = ?  [["post_id", "1"]]
  [1m[36mUser Load (0.3ms)[0m  [1mSELECT  "users".* FROM "users"  ORDER BY "users"."id" ASC LIMIT 1[0m
  [1m[35mComment Load (0.2ms)[0m  SELECT "comments".* FROM "comments" WHERE "comments"."user_id" = ?  [["user_id", "1"]]
  [1m[36mComment Load (0.3ms)[0m  [1mSELECT  "comments".* FROM "comments"  ORDER BY "comments"."id" ASC LIMIT 1[0m
  [1m[35mUser Load (0.4ms)[0m  SELECT  "users".* FROM "users"  ORDER BY "users"."id" ASC LIMIT 1
  [1m[36mComment Load (0.1ms)[0m  [1mSELECT "comments".* FROM "comments" WHERE "comments"."user_id" = ?[0m  [["user_id", "1"]]
  [1m[35mUser Load (0.4ms)[0m  SELECT  "users".* FROM "users" WHERE "users"."id" = ? LIMIT 1  [["id", 2]]
  [1m[36mComment Load (0.2ms)[0m  [1mSELECT  "comments".* FROM "comments" WHERE "comments"."user_id" = ?  ORDER BY "comments"."id" ASC LIMIT 1[0m  [["user_id", "2"]]
  [1m[35mComment Load (0.4ms)[0m  SELECT "comments".* FROM "comments"
  [1m[36mPost Load (0.4ms)[0m  [1mSELECT  "posts".* FROM "posts" WHERE "posts"."id" = ? LIMIT 1[0m  [["id", 1]]
  [1m[35m (0.2ms)[0m  begin transaction
  [1m[36mSQL (0.4ms)[0m  [1mINSERT INTO "comments" ("body", "user_id", "post_id", "created_at", "updated_at") VALUES (?, ?, ?, ?, ?)[0m  [["body", "This is so fucking cool!! I don't even know what to say!"], ["user_id", "2"], ["post_id", "1"], ["created_at", "2015-06-23 03:51:22.944546"], ["updated_at", "2015-06-23 03:51:22.944546"]]
  [1m[35m (219.3ms)[0m  commit transaction
  [1m[36mComment Load (0.4ms)[0m  [1mSELECT  "comments".* FROM "comments"  ORDER BY "comments"."id" ASC LIMIT 1[0m
  [1m[35mComment Load (0.2ms)[0m  SELECT "comments".* FROM "comments" WHERE "comments"."post_id" = ?  [["post_id", "1"]]
  [1m[36mComment Load (0.2ms)[0m  [1mSELECT "comments".* FROM "comments" WHERE "comments"."user_id" = ?[0m  [["user_id", "2"]]
  [1m[35mUser Load (0.2ms)[0m  SELECT  "users".* FROM "users" WHERE "users"."id" = ? LIMIT 1  [["id", 2]]
  [1m[36mPost Load (0.3ms)[0m  [1mSELECT  "posts".* FROM "posts" WHERE "posts"."id" = ? LIMIT 1[0m  [["id", 1]]
